13-Jan-2023 13:05:03.689 INFO [main] org.apache.catalina.startup.VersionLoggerListener.log Server version name:   Apache Tomcat/9.0.69
13-Jan-2023 13:05:03.698 INFO [main] org.apache.catalina.startup.VersionLoggerListener.log Server built:          Nov 9 2022 18:43:47 UTC
13-Jan-2023 13:05:03.699 INFO [main] org.apache.catalina.startup.VersionLoggerListener.log Server version number: 9.0.69.0
13-Jan-2023 13:05:03.700 INFO [main] org.apache.catalina.startup.VersionLoggerListener.log OS Name:               Windows 11
13-Jan-2023 13:05:03.700 INFO [main] org.apache.catalina.startup.VersionLoggerListener.log OS Version:            10.0
13-Jan-2023 13:05:03.700 INFO [main] org.apache.catalina.startup.VersionLoggerListener.log Architecture:          amd64
13-Jan-2023 13:05:03.701 INFO [main] org.apache.catalina.startup.VersionLoggerListener.log Java Home:             C:\Program Files\Eclipse Foundation\jdk-18
13-Jan-2023 13:05:03.702 INFO [main] org.apache.catalina.startup.VersionLoggerListener.log JVM Version:           18.0.1.1+2-6
13-Jan-2023 13:05:03.703 INFO [main] org.apache.catalina.startup.VersionLoggerListener.log JVM Vendor:            Oracle Corporation
13-Jan-2023 13:05:03.703 INFO [main] org.apache.catalina.startup.VersionLoggerListener.log CATALINA_BASE:         C:\apache-tomcat-9.0.69-windows-x64\apache-tomcat-9.0.69
13-Jan-2023 13:05:03.704 INFO [main] org.apache.catalina.startup.VersionLoggerListener.log CATALINA_HOME:         C:\apache-tomcat-9.0.69-windows-x64\apache-tomcat-9.0.69
13-Jan-2023 13:05:03.731 INFO [main] org.apache.catalina.startup.VersionLoggerListener.log Command line argument: -Djava.util.logging.config.file=c:\apache-tomcat-9.0.69-windows-x64\apache-tomcat-9.0.69/conf/logging.properties
13-Jan-2023 13:05:03.731 INFO [main] org.apache.catalina.startup.VersionLoggerListener.log Command line argument: -Djava.util.logging.manager=org.apache.juli.ClassLoaderLogManager
13-Jan-2023 13:05:03.732 INFO [main] org.apache.catalina.startup.VersionLoggerListener.log Command line argument: -Djdk.tls.ephemeralDHKeySize=2048
13-Jan-2023 13:05:03.732 INFO [main] org.apache.catalina.startup.VersionLoggerListener.log Command line argument: -Djava.protocol.handler.pkgs=org.apache.catalina.webresources
13-Jan-2023 13:05:03.732 INFO [main] org.apache.catalina.startup.VersionLoggerListener.log Command line argument: -Dorg.apache.catalina.security.SecurityListener.UMASK=0027
13-Jan-2023 13:05:03.733 INFO [main] org.apache.catalina.startup.VersionLoggerListener.log Command line argument: -Dcatalina.base=c:\apache-tomcat-9.0.69-windows-x64\apache-tomcat-9.0.69
13-Jan-2023 13:05:03.735 INFO [main] org.apache.catalina.startup.VersionLoggerListener.log Command line argument: -Dcatalina.home=c:\apache-tomcat-9.0.69-windows-x64\apache-tomcat-9.0.69
13-Jan-2023 13:05:03.736 INFO [main] org.apache.catalina.startup.VersionLoggerListener.log Command line argument: -Djava.io.tmpdir=c:\apache-tomcat-9.0.69-windows-x64\apache-tomcat-9.0.69/temp
13-Jan-2023 13:05:03.761 INFO [main] org.apache.catalina.core.AprLifecycleListener.lifecycleEvent Loaded Apache Tomcat Native library [1.2.35] using APR version [1.7.0].
13-Jan-2023 13:05:03.761 INFO [main] org.apache.catalina.core.AprLifecycleListener.lifecycleEvent APR capabilities: IPv6 [true], sendfile [true], accept filters [false], random [true], UDS [true].
13-Jan-2023 13:05:03.762 INFO [main] org.apache.catalina.core.AprLifecycleListener.lifecycleEvent APR/OpenSSL configuration: useAprConnector [false], useOpenSSL [true]
13-Jan-2023 13:05:03.770 INFO [main] org.apache.catalina.core.AprLifecycleListener.initializeSSL OpenSSL successfully initialized [OpenSSL 1.1.1q  5 Jul 2022]
13-Jan-2023 13:05:04.275 INFO [main] org.apache.coyote.AbstractProtocol.init Initializing ProtocolHandler ["http-nio-8080"]
13-Jan-2023 13:05:04.319 INFO [main] org.apache.catalina.startup.Catalina.load Server initialization in [1068] milliseconds
13-Jan-2023 13:05:04.438 INFO [main] org.apache.catalina.core.StandardService.startInternal Starting service [Catalina]
13-Jan-2023 13:05:04.438 INFO [main] org.apache.catalina.core.StandardEngine.startInternal Starting Servlet engine: [Apache Tomcat/9.0.69]
13-Jan-2023 13:05:04.494 INFO [main] org.apache.catalina.startup.HostConfig.deployWAR Deploying web application archive [C:\apache-tomcat-9.0.69-windows-x64\apache-tomcat-9.0.69\webapps\team8-0.1.war]
13-Jan-2023 13:05:05.171 SEVERE [main] org.apache.catalina.startup.HostConfig.deployWAR Error deploying web application archive [C:\apache-tomcat-9.0.69-windows-x64\apache-tomcat-9.0.69\webapps\team8-0.1.war]
	java.lang.IllegalStateException: Error starting child
		at org.apache.catalina.core.ContainerBase.addChildInternal(ContainerBase.java:729)
		at org.apache.catalina.core.ContainerBase.addChild(ContainerBase.java:698)
		at org.apache.catalina.core.StandardHost.addChild(StandardHost.java:696)
		at org.apache.catalina.startup.HostConfig.deployWAR(HostConfig.java:1023)
		at org.apache.catalina.startup.HostConfig$DeployWar.run(HostConfig.java:1910)
		at java.base/java.util.concurrent.Executors$RunnableAdapter.call(Executors.java:539)
		at java.base/java.util.concurrent.FutureTask.run(FutureTask.java:264)
		at org.apache.tomcat.util.threads.InlineExecutorService.execute(InlineExecutorService.java:75)
		at java.base/java.util.concurrent.AbstractExecutorService.submit(AbstractExecutorService.java:123)
		at org.apache.catalina.startup.HostConfig.deployWARs(HostConfig.java:824)
		at org.apache.catalina.startup.HostConfig.deployApps(HostConfig.java:474)
		at org.apache.catalina.startup.HostConfig.start(HostConfig.java:1617)
		at org.apache.catalina.startup.HostConfig.lifecycleEvent(HostConfig.java:318)
		at org.apache.catalina.util.LifecycleBase.fireLifecycleEvent(LifecycleBase.java:123)
		at org.apache.catalina.util.LifecycleBase.setStateInternal(LifecycleBase.java:423)
		at org.apache.catalina.util.LifecycleBase.setState(LifecycleBase.java:366)
		at org.apache.catalina.core.ContainerBase.startInternal(ContainerBase.java:943)
		at org.apache.catalina.core.StandardHost.startInternal(StandardHost.java:835)
		at org.apache.catalina.util.LifecycleBase.start(LifecycleBase.java:183)
		at org.apache.catalina.core.ContainerBase$StartChild.call(ContainerBase.java:1393)
		at org.apache.catalina.core.ContainerBase$StartChild.call(ContainerBase.java:1383)
		at java.base/java.util.concurrent.FutureTask.run(FutureTask.java:264)
		at org.apache.tomcat.util.threads.InlineExecutorService.execute(InlineExecutorService.java:75)
		at java.base/java.util.concurrent.AbstractExecutorService.submit(AbstractExecutorService.java:145)
		at org.apache.catalina.core.ContainerBase.startInternal(ContainerBase.java:916)
		at org.apache.catalina.core.StandardEngine.startInternal(StandardEngine.java:265)
		at org.apache.catalina.util.LifecycleBase.start(LifecycleBase.java:183)
		at org.apache.catalina.core.StandardService.startInternal(StandardService.java:430)
		at org.apache.catalina.util.LifecycleBase.start(LifecycleBase.java:183)
		at org.apache.catalina.core.StandardServer.startInternal(StandardServer.java:930)
		at org.apache.catalina.util.LifecycleBase.start(LifecycleBase.java:183)
		at org.apache.catalina.startup.Catalina.start(Catalina.java:772)
		at java.base/jdk.internal.reflect.DirectMethodHandleAccessor.invoke(DirectMethodHandleAccessor.java:104)
		at java.base/java.lang.reflect.Method.invoke(Method.java:577)
		at org.apache.catalina.startup.Bootstrap.start(Bootstrap.java:345)
		at org.apache.catalina.startup.Bootstrap.main(Bootstrap.java:476)
	Caused by: org.apache.catalina.LifecycleException: Failed to start component [StandardEngine[Catalina].StandardHost[localhost].StandardContext[/team8-0.1]]
		at org.apache.catalina.util.LifecycleBase.handleSubClassException(LifecycleBase.java:440)
		at org.apache.catalina.util.LifecycleBase.start(LifecycleBase.java:198)
		at org.apache.catalina.core.ContainerBase.addChildInternal(ContainerBase.java:726)
		... 35 more
	Caused by: java.lang.TypeNotPresentException: Type javax.ws.rs.Path not present
		at java.base/sun.reflect.annotation.TypeNotPresentExceptionProxy.generateException(TypeNotPresentExceptionProxy.java:47)
		at java.base/sun.reflect.annotation.AnnotationInvocationHandler.invoke(AnnotationInvocationHandler.java:89)
		at jdk.proxy2/jdk.proxy2.$Proxy2.value(Unknown Source)
		at org.apache.catalina.startup.ContextConfig.processServletContainerInitializers(ContextConfig.java:1870)
		at org.apache.catalina.startup.ContextConfig.webConfig(ContextConfig.java:1298)
		at org.apache.catalina.startup.ContextConfig.configureStart(ContextConfig.java:986)
		at org.apache.catalina.startup.ContextConfig.lifecycleEvent(ContextConfig.java:303)
		at org.apache.catalina.util.LifecycleBase.fireLifecycleEvent(LifecycleBase.java:123)
		at org.apache.catalina.core.StandardContext.startInternal(StandardContext.java:5127)
		at org.apache.catalina.util.LifecycleBase.start(LifecycleBase.java:183)
		... 36 more
	Caused by: java.lang.ClassNotFoundException: javax.ws.rs.Path
		at org.apache.catalina.loader.WebappClassLoaderBase.loadClass(WebappClassLoaderBase.java:1412)
		at org.apache.catalina.loader.WebappClassLoaderBase.loadClass(WebappClassLoaderBase.java:1220)
		at java.base/java.lang.Class.forName0(Native Method)
		at java.base/java.lang.Class.forName(Class.java:488)
		at java.base/java.lang.Class.forName(Class.java:467)
		at java.base/sun.reflect.generics.factory.CoreReflectionFactory.makeNamedType(CoreReflectionFactory.java:114)
		at java.base/sun.reflect.generics.visitor.Reifier.visitClassTypeSignature(Reifier.java:125)
		at java.base/sun.reflect.generics.tree.ClassTypeSignature.accept(ClassTypeSignature.java:49)
		at java.base/sun.reflect.annotation.AnnotationParser.parseSig(AnnotationParser.java:441)
		at java.base/sun.reflect.annotation.AnnotationParser.parseClassValue(AnnotationParser.java:427)
		at java.base/sun.reflect.annotation.AnnotationParser.lambda$parseClassArray$0(AnnotationParser.java:718)
		at java.base/sun.reflect.annotation.AnnotationParser.parseArrayElements(AnnotationParser.java:746)
		at java.base/sun.reflect.annotation.AnnotationParser.parseClassArray(AnnotationParser.java:717)
		at java.base/sun.reflect.annotation.AnnotationParser.parseArray(AnnotationParser.java:530)
		at java.base/sun.reflect.annotation.AnnotationParser.parseMemberValue(AnnotationParser.java:352)
		at java.base/sun.reflect.annotation.AnnotationParser.parseAnnotation2(AnnotationParser.java:282)
		at java.base/sun.reflect.annotation.AnnotationParser.parseAnnotations2(AnnotationParser.java:121)
		at java.base/sun.reflect.annotation.AnnotationParser.parseAnnotations(AnnotationParser.java:73)
		at java.base/java.lang.Class.createAnnotationData(Class.java:4100)
		at java.base/java.lang.Class.annotationData(Class.java:4089)
		at java.base/java.lang.Class.getAnnotation(Class.java:3972)
		at org.apache.catalina.startup.ContextConfig.processServletContainerInitializers(ContextConfig.java:1855)
		... 42 more
13-Jan-2023 13:05:05.182 INFO [main] org.apache.catalina.startup.HostConfig.deployWAR Deployment of web application archive [C:\apache-tomcat-9.0.69-windows-x64\apache-tomcat-9.0.69\webapps\team8-0.1.war] has finished in [686] ms
13-Jan-2023 13:05:05.184 INFO [main] org.apache.catalina.startup.HostConfig.deployDirectory Deploying web application directory [C:\apache-tomcat-9.0.69-windows-x64\apache-tomcat-9.0.69\webapps\docs]
13-Jan-2023 13:05:05.527 WARNING [main] org.apache.catalina.util.SessionIdGeneratorBase.createSecureRandom Creation of SecureRandom instance for session ID generation using [SHA1PRNG] took [110] milliseconds.
13-Jan-2023 13:05:05.564 INFO [main] org.apache.catalina.startup.HostConfig.deployDirectory Deployment of web application directory [C:\apache-tomcat-9.0.69-windows-x64\apache-tomcat-9.0.69\webapps\docs] has finished in [381] ms
13-Jan-2023 13:05:05.565 INFO [main] org.apache.catalina.startup.HostConfig.deployDirectory Deploying web application directory [C:\apache-tomcat-9.0.69-windows-x64\apache-tomcat-9.0.69\webapps\examples]
13-Jan-2023 13:05:06.647 INFO [main] org.apache.catalina.startup.HostConfig.deployDirectory Deployment of web application directory [C:\apache-tomcat-9.0.69-windows-x64\apache-tomcat-9.0.69\webapps\examples] has finished in [1,081] ms
13-Jan-2023 13:05:06.648 INFO [main] org.apache.catalina.startup.HostConfig.deployDirectory Deploying web application directory [C:\apache-tomcat-9.0.69-windows-x64\apache-tomcat-9.0.69\webapps\host-manager]
13-Jan-2023 13:05:06.737 INFO [main] org.apache.catalina.startup.HostConfig.deployDirectory Deployment of web application directory [C:\apache-tomcat-9.0.69-windows-x64\apache-tomcat-9.0.69\webapps\host-manager] has finished in [89] ms
13-Jan-2023 13:05:06.738 INFO [main] org.apache.catalina.startup.HostConfig.deployDirectory Deploying web application directory [C:\apache-tomcat-9.0.69-windows-x64\apache-tomcat-9.0.69\webapps\manager]
13-Jan-2023 13:05:06.828 INFO [main] org.apache.catalina.startup.HostConfig.deployDirectory Deployment of web application directory [C:\apache-tomcat-9.0.69-windows-x64\apache-tomcat-9.0.69\webapps\manager] has finished in [90] ms
13-Jan-2023 13:05:06.828 INFO [main] org.apache.catalina.startup.HostConfig.deployDirectory Deploying web application directory [C:\apache-tomcat-9.0.69-windows-x64\apache-tomcat-9.0.69\webapps\ROOT]
13-Jan-2023 13:05:06.868 INFO [main] org.apache.catalina.startup.HostConfig.deployDirectory Deployment of web application directory [C:\apache-tomcat-9.0.69-windows-x64\apache-tomcat-9.0.69\webapps\ROOT] has finished in [40] ms
13-Jan-2023 13:05:06.877 INFO [main] org.apache.coyote.AbstractProtocol.start Starting ProtocolHandler ["http-nio-8080"]
13-Jan-2023 13:05:07.023 INFO [main] org.apache.catalina.startup.Catalina.start Server startup in [2705] milliseconds
13-Jan-2023 13:05:36.918 INFO [Catalina-utility-2] org.apache.catalina.startup.HostConfig.undeploy Undeploying context [/team8-0.1]
13-Jan-2023 13:05:36.922 WARNING [Catalina-utility-2] org.apache.catalina.loader.WebappClassLoaderBase.clearReferencesObjectStreamClassCaches When running on Java 9 or later you need to add "--add-opens=java.base/java.io=ALL-UNNAMED" to the JVM command line arguments to enable ObjectStream cache memory leak protection. Alternatively, you can suppress this warning by disabling ObjectStream class cache memory leak protection.
13-Jan-2023 13:05:36.923 WARNING [Catalina-utility-2] org.apache.catalina.loader.WebappClassLoaderBase.checkThreadLocalsForLeaks When running on Java 9 or later you need to add "--add-opens=java.base/java.lang=ALL-UNNAMED" to the JVM command line arguments to enable ThreadLocal memory leak detection. Alternatively, you can suppress this warning by disabling ThreadLocal memory leak detection.
13-Jan-2023 13:05:36.925 WARNING [Catalina-utility-2] org.apache.catalina.loader.WebappClassLoaderBase.clearReferencesRmiTargets When running on Java 9 or later you need to add "--add-opens=java.rmi/sun.rmi.transport=ALL-UNNAMED" to the JVM command line arguments to enable RMI Target memory leak detection. Alternatively, you can suppress this warning by disabling RMI Target memory leak detection.
13-Jan-2023 13:05:36.970 INFO [Catalina-utility-2] org.apache.catalina.startup.HostConfig.deployWAR Deploying web application archive [C:\apache-tomcat-9.0.69-windows-x64\apache-tomcat-9.0.69\webapps\team8-0.1.war]
13-Jan-2023 13:05:37.402 SEVERE [Catalina-utility-2] org.apache.catalina.startup.HostConfig.deployWAR Error deploying web application archive [C:\apache-tomcat-9.0.69-windows-x64\apache-tomcat-9.0.69\webapps\team8-0.1.war]
	java.lang.IllegalStateException: Error starting child
		at org.apache.catalina.core.ContainerBase.addChildInternal(ContainerBase.java:729)
		at org.apache.catalina.core.ContainerBase.addChild(ContainerBase.java:698)
		at org.apache.catalina.core.StandardHost.addChild(StandardHost.java:696)
		at org.apache.catalina.startup.HostConfig.deployWAR(HostConfig.java:1023)
		at org.apache.catalina.startup.HostConfig$DeployWar.run(HostConfig.java:1910)
		at java.base/java.util.concurrent.Executors$RunnableAdapter.call(Executors.java:539)
		at java.base/java.util.concurrent.FutureTask.run(FutureTask.java:264)
		at org.apache.tomcat.util.threads.InlineExecutorService.execute(InlineExecutorService.java:75)
		at java.base/java.util.concurrent.AbstractExecutorService.submit(AbstractExecutorService.java:123)
		at org.apache.catalina.startup.HostConfig.deployWARs(HostConfig.java:824)
		at org.apache.catalina.startup.HostConfig.deployApps(HostConfig.java:474)
		at org.apache.catalina.startup.HostConfig.check(HostConfig.java:1666)
		at org.apache.catalina.startup.HostConfig.lifecycleEvent(HostConfig.java:314)
		at org.apache.catalina.util.LifecycleBase.fireLifecycleEvent(LifecycleBase.java:123)
		at org.apache.catalina.core.ContainerBase.backgroundProcess(ContainerBase.java:1159)
		at org.apache.catalina.core.ContainerBase$ContainerBackgroundProcessor.processChildren(ContainerBase.java:1362)
		at org.apache.catalina.core.ContainerBase$ContainerBackgroundProcessor.processChildren(ContainerBase.java:1366)
		at org.apache.catalina.core.ContainerBase$ContainerBackgroundProcessor.run(ContainerBase.java:1344)
		at java.base/java.util.concurrent.Executors$RunnableAdapter.call(Executors.java:539)
		at java.base/java.util.concurrent.FutureTask.runAndReset(FutureTask.java:305)
		at java.base/java.util.concurrent.ScheduledThreadPoolExecutor$ScheduledFutureTask.run(ScheduledThreadPoolExecutor.java:305)
		at java.base/java.util.concurrent.ThreadPoolExecutor.runWorker(ThreadPoolExecutor.java:1136)
		at java.base/java.util.concurrent.ThreadPoolExecutor$Worker.run(ThreadPoolExecutor.java:635)
		at org.apache.tomcat.util.threads.TaskThread$WrappingRunnable.run(TaskThread.java:61)
		at java.base/java.lang.Thread.run(Thread.java:833)
	Caused by: org.apache.catalina.LifecycleException: Failed to start component [StandardEngine[Catalina].StandardHost[localhost].StandardContext[/team8-0.1]]
		at org.apache.catalina.util.LifecycleBase.handleSubClassException(LifecycleBase.java:440)
		at org.apache.catalina.util.LifecycleBase.start(LifecycleBase.java:198)
		at org.apache.catalina.core.ContainerBase.addChildInternal(ContainerBase.java:726)
		... 24 more
	Caused by: java.lang.TypeNotPresentException: Type javax.ws.rs.Path not present
		at java.base/sun.reflect.annotation.TypeNotPresentExceptionProxy.generateException(TypeNotPresentExceptionProxy.java:47)
		at java.base/sun.reflect.annotation.AnnotationInvocationHandler.invoke(AnnotationInvocationHandler.java:89)
		at jdk.proxy2/jdk.proxy2.$Proxy2.value(Unknown Source)
		at org.apache.catalina.startup.ContextConfig.processServletContainerInitializers(ContextConfig.java:1870)
		at org.apache.catalina.startup.ContextConfig.webConfig(ContextConfig.java:1298)
		at org.apache.catalina.startup.ContextConfig.configureStart(ContextConfig.java:986)
		at org.apache.catalina.startup.ContextConfig.lifecycleEvent(ContextConfig.java:303)
		at org.apache.catalina.util.LifecycleBase.fireLifecycleEvent(LifecycleBase.java:123)
		at org.apache.catalina.core.StandardContext.startInternal(StandardContext.java:5127)
		at org.apache.catalina.util.LifecycleBase.start(LifecycleBase.java:183)
		... 25 more
	Caused by: java.lang.ClassNotFoundException: javax.ws.rs.Path
		at org.apache.catalina.loader.WebappClassLoaderBase.loadClass(WebappClassLoaderBase.java:1412)
		at org.apache.catalina.loader.WebappClassLoaderBase.loadClass(WebappClassLoaderBase.java:1220)
		at java.base/java.lang.Class.forName0(Native Method)
		at java.base/java.lang.Class.forName(Class.java:488)
		at java.base/java.lang.Class.forName(Class.java:467)
		at java.base/sun.reflect.generics.factory.CoreReflectionFactory.makeNamedType(CoreReflectionFactory.java:114)
		at java.base/sun.reflect.generics.visitor.Reifier.visitClassTypeSignature(Reifier.java:125)
		at java.base/sun.reflect.generics.tree.ClassTypeSignature.accept(ClassTypeSignature.java:49)
		at java.base/sun.reflect.annotation.AnnotationParser.parseSig(AnnotationParser.java:441)
		at java.base/sun.reflect.annotation.AnnotationParser.parseClassValue(AnnotationParser.java:427)
		at java.base/sun.reflect.annotation.AnnotationParser.lambda$parseClassArray$0(AnnotationParser.java:718)
		at java.base/sun.reflect.annotation.AnnotationParser.parseArrayElements(AnnotationParser.java:746)
		at java.base/sun.reflect.annotation.AnnotationParser.parseClassArray(AnnotationParser.java:717)
		at java.base/sun.reflect.annotation.AnnotationParser.parseArray(AnnotationParser.java:530)
		at java.base/sun.reflect.annotation.AnnotationParser.parseMemberValue(AnnotationParser.java:352)
		at java.base/sun.reflect.annotation.AnnotationParser.parseAnnotation2(AnnotationParser.java:282)
		at java.base/sun.reflect.annotation.AnnotationParser.parseAnnotations2(AnnotationParser.java:121)
		at java.base/sun.reflect.annotation.AnnotationParser.parseAnnotations(AnnotationParser.java:73)
		at java.base/java.lang.Class.createAnnotationData(Class.java:4100)
		at java.base/java.lang.Class.annotationData(Class.java:4089)
		at java.base/java.lang.Class.getAnnotation(Class.java:3972)
		at org.apache.catalina.startup.ContextConfig.processServletContainerInitializers(ContextConfig.java:1855)
		... 31 more
13-Jan-2023 13:05:37.410 INFO [Catalina-utility-2] org.apache.catalina.startup.HostConfig.deployWAR Deployment of web application archive [C:\apache-tomcat-9.0.69-windows-x64\apache-tomcat-9.0.69\webapps\team8-0.1.war] has finished in [441] ms
13-Jan-2023 13:06:49.039 INFO [main] org.apache.catalina.core.StandardServer.await A valid shutdown command was received via the shutdown port. Stopping the Server instance.
13-Jan-2023 13:06:49.040 INFO [main] org.apache.coyote.AbstractProtocol.pause Pausing ProtocolHandler ["http-nio-8080"]
13-Jan-2023 13:06:49.070 INFO [main] org.apache.catalina.core.StandardService.stopInternal Stopping service [Catalina]
13-Jan-2023 13:06:49.075 WARNING [main] org.apache.catalina.loader.WebappClassLoaderBase.clearReferencesObjectStreamClassCaches When running on Java 9 or later you need to add "--add-opens=java.base/java.io=ALL-UNNAMED" to the JVM command line arguments to enable ObjectStream cache memory leak protection. Alternatively, you can suppress this warning by disabling ObjectStream class cache memory leak protection.
13-Jan-2023 13:06:49.077 WARNING [main] org.apache.catalina.loader.WebappClassLoaderBase.checkThreadLocalsForLeaks When running on Java 9 or later you need to add "--add-opens=java.base/java.lang=ALL-UNNAMED" to the JVM command line arguments to enable ThreadLocal memory leak detection. Alternatively, you can suppress this warning by disabling ThreadLocal memory leak detection.
13-Jan-2023 13:06:49.077 WARNING [main] org.apache.catalina.loader.WebappClassLoaderBase.clearReferencesRmiTargets When running on Java 9 or later you need to add "--add-opens=java.rmi/sun.rmi.transport=ALL-UNNAMED" to the JVM command line arguments to enable RMI Target memory leak detection. Alternatively, you can suppress this warning by disabling RMI Target memory leak detection.
13-Jan-2023 13:06:49.084 WARNING [main] org.apache.catalina.loader.WebappClassLoaderBase.clearReferencesObjectStreamClassCaches When running on Java 9 or later you need to add "--add-opens=java.base/java.io=ALL-UNNAMED" to the JVM command line arguments to enable ObjectStream cache memory leak protection. Alternatively, you can suppress this warning by disabling ObjectStream class cache memory leak protection.
13-Jan-2023 13:06:49.085 WARNING [main] org.apache.catalina.loader.WebappClassLoaderBase.checkThreadLocalsForLeaks When running on Java 9 or later you need to add "--add-opens=java.base/java.lang=ALL-UNNAMED" to the JVM command line arguments to enable ThreadLocal memory leak detection. Alternatively, you can suppress this warning by disabling ThreadLocal memory leak detection.
13-Jan-2023 13:06:49.085 WARNING [main] org.apache.catalina.loader.WebappClassLoaderBase.clearReferencesRmiTargets When running on Java 9 or later you need to add "--add-opens=java.rmi/sun.rmi.transport=ALL-UNNAMED" to the JVM command line arguments to enable RMI Target memory leak detection. Alternatively, you can suppress this warning by disabling RMI Target memory leak detection.
13-Jan-2023 13:06:49.089 WARNING [main] org.apache.catalina.loader.WebappClassLoaderBase.clearReferencesObjectStreamClassCaches When running on Java 9 or later you need to add "--add-opens=java.base/java.io=ALL-UNNAMED" to the JVM command line arguments to enable ObjectStream cache memory leak protection. Alternatively, you can suppress this warning by disabling ObjectStream class cache memory leak protection.
13-Jan-2023 13:06:49.089 WARNING [main] org.apache.catalina.loader.WebappClassLoaderBase.checkThreadLocalsForLeaks When running on Java 9 or later you need to add "--add-opens=java.base/java.lang=ALL-UNNAMED" to the JVM command line arguments to enable ThreadLocal memory leak detection. Alternatively, you can suppress this warning by disabling ThreadLocal memory leak detection.
13-Jan-2023 13:06:49.090 WARNING [main] org.apache.catalina.loader.WebappClassLoaderBase.clearReferencesRmiTargets When running on Java 9 or later you need to add "--add-opens=java.rmi/sun.rmi.transport=ALL-UNNAMED" to the JVM command line arguments to enable RMI Target memory leak detection. Alternatively, you can suppress this warning by disabling RMI Target memory leak detection.
13-Jan-2023 13:06:49.093 WARNING [main] org.apache.catalina.loader.WebappClassLoaderBase.clearReferencesObjectStreamClassCaches When running on Java 9 or later you need to add "--add-opens=java.base/java.io=ALL-UNNAMED" to the JVM command line arguments to enable ObjectStream cache memory leak protection. Alternatively, you can suppress this warning by disabling ObjectStream class cache memory leak protection.
13-Jan-2023 13:06:49.094 WARNING [main] org.apache.catalina.loader.WebappClassLoaderBase.checkThreadLocalsForLeaks When running on Java 9 or later you need to add "--add-opens=java.base/java.lang=ALL-UNNAMED" to the JVM command line arguments to enable ThreadLocal memory leak detection. Alternatively, you can suppress this warning by disabling ThreadLocal memory leak detection.
13-Jan-2023 13:06:49.094 WARNING [main] org.apache.catalina.loader.WebappClassLoaderBase.clearReferencesRmiTargets When running on Java 9 or later you need to add "--add-opens=java.rmi/sun.rmi.transport=ALL-UNNAMED" to the JVM command line arguments to enable RMI Target memory leak detection. Alternatively, you can suppress this warning by disabling RMI Target memory leak detection.
13-Jan-2023 13:06:49.098 WARNING [main] org.apache.catalina.loader.WebappClassLoaderBase.clearReferencesObjectStreamClassCaches When running on Java 9 or later you need to add "--add-opens=java.base/java.io=ALL-UNNAMED" to the JVM command line arguments to enable ObjectStream cache memory leak protection. Alternatively, you can suppress this warning by disabling ObjectStream class cache memory leak protection.
13-Jan-2023 13:06:49.099 WARNING [main] org.apache.catalina.loader.WebappClassLoaderBase.checkThreadLocalsForLeaks When running on Java 9 or later you need to add "--add-opens=java.base/java.lang=ALL-UNNAMED" to the JVM command line arguments to enable ThreadLocal memory leak detection. Alternatively, you can suppress this warning by disabling ThreadLocal memory leak detection.
13-Jan-2023 13:06:49.099 WARNING [main] org.apache.catalina.loader.WebappClassLoaderBase.clearReferencesRmiTargets When running on Java 9 or later you need to add "--add-opens=java.rmi/sun.rmi.transport=ALL-UNNAMED" to the JVM command line arguments to enable RMI Target memory leak detection. Alternatively, you can suppress this warning by disabling RMI Target memory leak detection.
13-Jan-2023 13:06:49.100 INFO [main] org.apache.coyote.AbstractProtocol.stop Stopping ProtocolHandler ["http-nio-8080"]
13-Jan-2023 13:06:49.111 INFO [main] org.apache.coyote.AbstractProtocol.destroy Destroying ProtocolHandler ["http-nio-8080"]
13-Jan-2023 13:06:49.115 WARNING [main] org.apache.catalina.loader.WebappClassLoaderBase.clearReferencesObjectStreamClassCaches When running on Java 9 or later you need to add "--add-opens=java.base/java.io=ALL-UNNAMED" to the JVM command line arguments to enable ObjectStream cache memory leak protection. Alternatively, you can suppress this warning by disabling ObjectStream class cache memory leak protection.
13-Jan-2023 13:06:49.115 WARNING [main] org.apache.catalina.loader.WebappClassLoaderBase.checkThreadLocalsForLeaks When running on Java 9 or later you need to add "--add-opens=java.base/java.lang=ALL-UNNAMED" to the JVM command line arguments to enable ThreadLocal memory leak detection. Alternatively, you can suppress this warning by disabling ThreadLocal memory leak detection.
13-Jan-2023 13:06:49.116 WARNING [main] org.apache.catalina.loader.WebappClassLoaderBase.clearReferencesRmiTargets When running on Java 9 or later you need to add "--add-opens=java.rmi/sun.rmi.transport=ALL-UNNAMED" to the JVM command line arguments to enable RMI Target memory leak detection. Alternatively, you can suppress this warning by disabling RMI Target memory leak detection.
