30-Jan-2023 16:45:12.009 INFO [main] org.apache.catalina.core.ApplicationContext.log ContextListener: contextInitialized()
30-Jan-2023 16:45:12.009 INFO [main] org.apache.catalina.core.ApplicationContext.log SessionListener: contextInitialized()
30-Jan-2023 16:45:12.011 INFO [main] org.apache.catalina.core.ApplicationContext.log ContextListener: attributeAdded('StockTicker', 'async.Stockticker@67fe380b')
30-Jan-2023 16:45:12.012 INFO [main] org.apache.catalina.core.ApplicationContext.log ContextListener: attributeAdded('php.java.servlet.ContextLoaderListener.ROOT', 'php.java.servlet.ContextLoaderListener@3dedb4a6')
30-Jan-2023 16:45:47.565 INFO [main] org.apache.catalina.core.ApplicationContext.log SessionListener: contextDestroyed()
30-Jan-2023 16:45:47.566 INFO [main] org.apache.catalina.core.ApplicationContext.log ContextListener: contextDestroyed()
30-Jan-2023 16:47:36.749 INFO [main] org.apache.catalina.core.ApplicationContext.log ContextListener: contextInitialized()
30-Jan-2023 16:47:36.749 INFO [main] org.apache.catalina.core.ApplicationContext.log SessionListener: contextInitialized()
30-Jan-2023 16:47:36.757 INFO [main] org.apache.catalina.core.ApplicationContext.log ContextListener: attributeAdded('StockTicker', 'async.Stockticker@67fe380b')
30-Jan-2023 16:47:36.757 INFO [main] org.apache.catalina.core.ApplicationContext.log ContextListener: attributeAdded('php.java.servlet.ContextLoaderListener.ROOT', 'php.java.servlet.ContextLoaderListener@3dedb4a6')
30-Jan-2023 16:49:29.052 INFO [main] org.apache.catalina.core.ApplicationContext.log SessionListener: contextDestroyed()
30-Jan-2023 16:49:29.053 INFO [main] org.apache.catalina.core.ApplicationContext.log ContextListener: contextDestroyed()
30-Jan-2023 16:49:34.608 INFO [main] org.apache.catalina.core.ApplicationContext.log ContextListener: contextInitialized()
30-Jan-2023 16:49:34.609 INFO [main] org.apache.catalina.core.ApplicationContext.log SessionListener: contextInitialized()
30-Jan-2023 16:49:34.611 INFO [main] org.apache.catalina.core.ApplicationContext.log ContextListener: attributeAdded('StockTicker', 'async.Stockticker@6c000e0c')
30-Jan-2023 16:49:34.611 INFO [main] org.apache.catalina.core.ApplicationContext.log ContextListener: attributeAdded('php.java.servlet.ContextLoaderListener.ROOT', 'php.java.servlet.ContextLoaderListener@44f9779c')
30-Jan-2023 17:03:50.004 INFO [main] org.apache.catalina.core.ApplicationContext.log SessionListener: contextDestroyed()
30-Jan-2023 17:03:50.004 INFO [main] org.apache.catalina.core.ApplicationContext.log ContextListener: contextDestroyed()
30-Jan-2023 17:04:39.764 INFO [main] org.apache.catalina.core.ApplicationContext.log ContextListener: contextInitialized()
30-Jan-2023 17:04:39.772 INFO [main] org.apache.catalina.core.ApplicationContext.log SessionListener: contextInitialized()
30-Jan-2023 17:04:39.775 INFO [main] org.apache.catalina.core.ApplicationContext.log ContextListener: attributeAdded('StockTicker', 'async.Stockticker@112f8f8f')
30-Jan-2023 17:04:39.775 INFO [main] org.apache.catalina.core.ApplicationContext.log ContextListener: attributeAdded('php.java.servlet.ContextLoaderListener.ROOT', 'php.java.servlet.ContextLoaderListener@11703cc8')
30-Jan-2023 17:05:05.073 INFO [main] org.apache.catalina.core.ApplicationContext.log SessionListener: contextDestroyed()
30-Jan-2023 17:05:05.073 INFO [main] org.apache.catalina.core.ApplicationContext.log ContextListener: contextDestroyed()
30-Jan-2023 17:22:08.123 INFO [main] org.apache.catalina.core.ApplicationContext.log ContextListener: contextInitialized()
30-Jan-2023 17:22:08.124 INFO [main] org.apache.catalina.core.ApplicationContext.log SessionListener: contextInitialized()
30-Jan-2023 17:22:08.124 INFO [main] org.apache.catalina.core.ApplicationContext.log ContextListener: attributeAdded('StockTicker', 'async.Stockticker@7e6f9868')
30-Jan-2023 17:22:08.124 INFO [main] org.apache.catalina.core.ApplicationContext.log ContextListener: attributeAdded('php.java.servlet.ContextLoaderListener.ROOT', 'php.java.servlet.ContextLoaderListener@56c763')
30-Jan-2023 17:26:53.890 INFO [main] org.apache.catalina.core.ApplicationContext.log SessionListener: contextDestroyed()
30-Jan-2023 17:26:53.890 INFO [main] org.apache.catalina.core.ApplicationContext.log ContextListener: contextDestroyed()
30-Jan-2023 17:27:08.455 INFO [main] org.apache.catalina.core.ApplicationContext.log ContextListener: contextInitialized()
30-Jan-2023 17:27:08.456 INFO [main] org.apache.catalina.core.ApplicationContext.log SessionListener: contextInitialized()
30-Jan-2023 17:27:08.461 INFO [main] org.apache.catalina.core.ApplicationContext.log ContextListener: attributeAdded('StockTicker', 'async.Stockticker@772a73b4')
30-Jan-2023 17:27:08.461 INFO [main] org.apache.catalina.core.ApplicationContext.log ContextListener: attributeAdded('php.java.servlet.ContextLoaderListener.ROOT', 'php.java.servlet.ContextLoaderListener@520ddd29')
30-Jan-2023 17:27:29.241 SEVERE [http-nio-8080-exec-10] org.apache.catalina.core.StandardWrapperValve.invoke Servlet.service() for servlet [PhpCGIServlet] in context with path [] threw exception
	php.java.fastcgi.ConnectionException
		at php.java.fastcgi.FCGIInputStream.read(FCGIInputStream.java:31)
		at php.java.fastcgi.FCGIHeaderParser.parseBody(FCGIHeaderParser.java:82)
		at php.java.servlet.fastcgi.FastCGIServlet.doExecute(FastCGIServlet.java:424)
		at php.java.servlet.fastcgi.FastCGIServlet.execute(FastCGIServlet.java:516)
		at php.java.servlet.fastcgi.FastCGIServlet.handle(FastCGIServlet.java:527)
		at php.java.servlet.fastcgi.FastCGIServlet.doGet(FastCGIServlet.java:555)
		at javax.servlet.http.HttpServlet.service(HttpServlet.java:670)
		at javax.servlet.http.HttpServlet.service(HttpServlet.java:779)
		at org.apache.catalina.core.ApplicationFilterChain.internalDoFilter(ApplicationFilterChain.java:227)
		at org.apache.catalina.core.ApplicationFilterChain.doFilter(ApplicationFilterChain.java:162)
		at org.apache.tomcat.websocket.server.WsFilter.doFilter(WsFilter.java:53)
		at org.apache.catalina.core.ApplicationFilterChain.internalDoFilter(ApplicationFilterChain.java:189)
		at org.apache.catalina.core.ApplicationFilterChain.doFilter(ApplicationFilterChain.java:162)
		at org.apache.catalina.core.StandardWrapperValve.invoke(StandardWrapperValve.java:177)
		at org.apache.catalina.core.StandardContextValve.invoke(StandardContextValve.java:97)
		at org.apache.catalina.authenticator.AuthenticatorBase.invoke(AuthenticatorBase.java:541)
		at org.apache.catalina.core.StandardHostValve.invoke(StandardHostValve.java:135)
		at org.apache.catalina.valves.ErrorReportValve.invoke(ErrorReportValve.java:92)
		at org.apache.catalina.valves.AbstractAccessLogValve.invoke(AbstractAccessLogValve.java:687)
		at org.apache.catalina.core.StandardEngineValve.invoke(StandardEngineValve.java:78)
		at org.apache.catalina.connector.CoyoteAdapter.service(CoyoteAdapter.java:360)
		at org.apache.coyote.http11.Http11Processor.service(Http11Processor.java:399)
		at org.apache.coyote.AbstractProcessorLight.process(AbstractProcessorLight.java:65)
		at org.apache.coyote.AbstractProtocol$ConnectionHandler.process(AbstractProtocol.java:891)
		at org.apache.tomcat.util.net.NioEndpoint$SocketProcessor.doRun(NioEndpoint.java:1784)
		at org.apache.tomcat.util.net.SocketProcessorBase.run(SocketProcessorBase.java:49)
		at org.apache.tomcat.util.threads.ThreadPoolExecutor.runWorker(ThreadPoolExecutor.java:1191)
		at org.apache.tomcat.util.threads.ThreadPoolExecutor$Worker.run(ThreadPoolExecutor.java:659)
		at org.apache.tomcat.util.threads.TaskThread$WrappingRunnable.run(TaskThread.java:61)
		at java.base/java.lang.Thread.run(Thread.java:833)
	Caused by: php.java.fastcgi.ConnectionException
		at php.java.fastcgi.FCGIInputStream.read(FCGIInputStream.java:41)
		at php.java.fastcgi.FCGIInputStream.doRead(FCGIInputStream.java:53)
		at php.java.fastcgi.FCGIInputStream.read(FCGIInputStream.java:29)
		... 29 more
	Caused by: java.net.SocketException: Connection reset
		at java.base/sun.nio.ch.NioSocketImpl.implRead(NioSocketImpl.java:320)
		at java.base/sun.nio.ch.NioSocketImpl.read(NioSocketImpl.java:347)
		at java.base/sun.nio.ch.NioSocketImpl$1.read(NioSocketImpl.java:800)
		at java.base/java.net.Socket$SocketInputStream.read(Socket.java:966)
		at php.java.fastcgi.FCGIInputStream.read(FCGIInputStream.java:39)
		... 31 more
30-Jan-2023 17:28:11.191 INFO [main] org.apache.catalina.core.ApplicationContext.log SessionListener: contextDestroyed()
30-Jan-2023 17:28:11.191 INFO [main] org.apache.catalina.core.ApplicationContext.log ContextListener: contextDestroyed()
30-Jan-2023 17:29:25.268 INFO [main] org.apache.catalina.core.ApplicationContext.log ContextListener: contextInitialized()
30-Jan-2023 17:29:25.268 INFO [main] org.apache.catalina.core.ApplicationContext.log SessionListener: contextInitialized()
30-Jan-2023 17:29:25.275 INFO [main] org.apache.catalina.core.ApplicationContext.log ContextListener: attributeAdded('StockTicker', 'async.Stockticker@71ae1cb')
30-Jan-2023 17:29:25.275 INFO [main] org.apache.catalina.core.ApplicationContext.log ContextListener: attributeAdded('php.java.servlet.ContextLoaderListener.ROOT', 'php.java.servlet.ContextLoaderListener@3380313d')
30-Jan-2023 17:35:46.901 INFO [main] org.apache.catalina.core.ApplicationContext.log SessionListener: contextDestroyed()
30-Jan-2023 17:35:46.902 INFO [main] org.apache.catalina.core.ApplicationContext.log ContextListener: contextDestroyed()
30-Jan-2023 17:35:59.502 INFO [main] org.apache.catalina.core.ApplicationContext.log ContextListener: contextInitialized()
30-Jan-2023 17:35:59.502 INFO [main] org.apache.catalina.core.ApplicationContext.log SessionListener: contextInitialized()
30-Jan-2023 17:35:59.505 INFO [main] org.apache.catalina.core.ApplicationContext.log ContextListener: attributeAdded('StockTicker', 'async.Stockticker@6967bb91')
30-Jan-2023 17:35:59.506 INFO [main] org.apache.catalina.core.ApplicationContext.log ContextListener: attributeAdded('php.java.servlet.ContextLoaderListener.ROOT', 'php.java.servlet.ContextLoaderListener@35fdc926')
30-Jan-2023 17:36:33.985 INFO [main] org.apache.catalina.core.ApplicationContext.log SessionListener: contextDestroyed()
30-Jan-2023 17:36:33.986 INFO [main] org.apache.catalina.core.ApplicationContext.log ContextListener: contextDestroyed()
30-Jan-2023 17:37:05.046 INFO [main] org.apache.catalina.core.ApplicationContext.log ContextListener: contextInitialized()
30-Jan-2023 17:37:05.046 INFO [main] org.apache.catalina.core.ApplicationContext.log SessionListener: contextInitialized()
30-Jan-2023 17:37:05.052 INFO [main] org.apache.catalina.core.ApplicationContext.log ContextListener: attributeAdded('StockTicker', 'async.Stockticker@733a29b9')
30-Jan-2023 17:37:05.052 INFO [main] org.apache.catalina.core.ApplicationContext.log ContextListener: attributeAdded('php.java.servlet.ContextLoaderListener.ROOT', 'php.java.servlet.ContextLoaderListener@42f5ee2d')
30-Jan-2023 17:38:03.991 INFO [main] org.apache.catalina.core.ApplicationContext.log SessionListener: contextDestroyed()
30-Jan-2023 17:38:03.992 INFO [main] org.apache.catalina.core.ApplicationContext.log ContextListener: contextDestroyed()
30-Jan-2023 17:39:23.469 INFO [main] org.apache.catalina.core.ApplicationContext.log ContextListener: contextInitialized()
30-Jan-2023 17:39:23.469 INFO [main] org.apache.catalina.core.ApplicationContext.log SessionListener: contextInitialized()
30-Jan-2023 17:39:23.474 INFO [main] org.apache.catalina.core.ApplicationContext.log ContextListener: attributeAdded('StockTicker', 'async.Stockticker@3ae62c8a')
30-Jan-2023 17:39:23.474 INFO [main] org.apache.catalina.core.ApplicationContext.log ContextListener: attributeAdded('php.java.servlet.ContextLoaderListener.ROOT', 'php.java.servlet.ContextLoaderListener@6972418c')
30-Jan-2023 17:40:12.111 INFO [main] org.apache.catalina.core.ApplicationContext.log SessionListener: contextDestroyed()
30-Jan-2023 17:40:12.111 INFO [main] org.apache.catalina.core.ApplicationContext.log ContextListener: contextDestroyed()
